<?xml version="1.0" encoding="UTF-8"?>
<!-- Generated by org.testng.reporters.JUnitXMLReporter -->
<testsuite ignored="0" hostname="NONI" failures="1" tests="1" name="Default test" time="31.689" errors="0" timestamp="2023-07-10T16:23:21 IST">
  <testcase classname="io.cucumber.testng.AbstractTestNGCucumberTests" name="runScenario" time="26.452">
    <failure type="java.lang.AssertionError" message="expected [Hello] but found []">
      <![CDATA[java.lang.AssertionError: expected [Hello] but found []
at org.testng.Assert.fail(Assert.java:99)
at org.testng.Assert.failNotEquals(Assert.java:1037)
at org.testng.Assert.assertEqualsImpl(Assert.java:140)
at org.testng.Assert.assertEquals(Assert.java:122)
at org.testng.Assert.assertEquals(Assert.java:629)
at org.testng.Assert.assertEquals(Assert.java:639)
at cucumber.Runner.StepsDefinitions.StepsDef.openGoogle(StepsDef.java:22)
at âœ½.Open google page(file:///C:/Maven%20Projects/cucumber%20framework/cucumber/resource/cucumber/features/One.feature:3)
]]>
    </failure>
  </testcase> <!-- runScenario -->
</testsuite> <!-- Default test -->
